2025-05-04 14:35:45.364 | INFO     | 开始处理请求: GET /
2025-05-04 14:35:45.366 | INFO     | Root endpoint called
2025-05-04 14:35:45.367 | INFO     | 请求处理完成: GET / - 耗时: 3.0ms - 状态码: 200
2025-05-04 14:35:54.452 | INFO     | 开始处理请求: GET /docs
2025-05-04 14:35:54.454 | INFO     | 请求处理完成: GET /docs - 耗时: 2.27ms - 状态码: 200
2025-05-04 14:35:54.544 | INFO     | 开始处理请求: GET /openapi.json
2025-05-04 14:35:54.550 | INFO     | 请求处理完成: GET /openapi.json - 耗时: 5.54ms - 状态码: 200
2025-05-04 14:46:57.370 | ERROR    | 数据库事务已回滚: (pyodbc.OperationalError) ('08001', '[08001] [Microsoft][ODBC Driver 18 for SQL Server]TCP 提供程序: 由于目标计算机积极拒绝，无法连接。\r\n (10061) (SQLDriverConnect); [08001] [Microsoft][ODBC Driver 18 for SQL Server]登录超时已过期 (0); [08001] [Microsoft][ODBC Driver 18 for SQL Server]与 localhost,1433 建立连接时发生了与网络相关的或特定于实例的错误。找不到或无法访问服务器。请检查实例名称是否正确以及 SQL Server 是否配置为允许远程连接。有关详细信息，请参阅 SQL Server 联机丛书。 (10061)')
(Background on this error at: https://sqlalche.me/e/20/e3q8)
2025-05-04 14:48:03.830 | ERROR    | 数据库事务已回滚: (pyodbc.OperationalError) ('08001', '[08001] [Microsoft][ODBC Driver 18 for SQL Server]TCP 提供程序: 由于目标计算机积极拒绝，无法连接。\r\n (10061) (SQLDriverConnect); [08001] [Microsoft][ODBC Driver 18 for SQL Server]登录超时已过期 (0); [08001] [Microsoft][ODBC Driver 18 for SQL Server]与 localhost,1433 建立连接时发生了与网络相关的或特定于实例的错误。找不到或无法访问服务器。请检查实例名称是否正确以及 SQL Server 是否配置为允许远程连接。有关详细信息，请参阅 SQL Server 联机丛书。 (10061)')
(Background on this error at: https://sqlalche.me/e/20/e3q8)
2025-05-04 14:49:54.581 | ERROR    | 数据库事务已回滚: (pyodbc.OperationalError) ('08001', '[08001] [Microsoft][ODBC Driver 18 for SQL Server]TCP 提供程序: 由于目标计算机积极拒绝，无法连接。\r\n (10061) (SQLDriverConnect); [08001] [Microsoft][ODBC Driver 18 for SQL Server]登录超时已过期 (0); [08001] [Microsoft][ODBC Driver 18 for SQL Server]与 localhost,1433 建立连接时发生了与网络相关的或特定于实例的错误。找不到或无法访问服务器。请检查实例名称是否正确以及 SQL Server 是否配置为允许远程连接。有关详细信息，请参阅 SQL Server 联机丛书。 (10061)')
(Background on this error at: https://sqlalche.me/e/20/e3q8)
2025-05-04 14:51:01.123 | ERROR    | 数据库事务已回滚: (pyodbc.OperationalError) ('08001', '[08001] [Microsoft][ODBC Driver 18 for SQL Server]TCP 提供程序: 由于目标计算机积极拒绝，无法连接。\r\n (10061) (SQLDriverConnect); [08001] [Microsoft][ODBC Driver 18 for SQL Server]登录超时已过期 (0); [08001] [Microsoft][ODBC Driver 18 for SQL Server]与 localhost,1433 建立连接时发生了与网络相关的或特定于实例的错误。找不到或无法访问服务器。请检查实例名称是否正确以及 SQL Server 是否配置为允许远程连接。有关详细信息，请参阅 SQL Server 联机丛书。 (10061)')
(Background on this error at: https://sqlalche.me/e/20/e3q8)
2025-05-04 14:52:37.122 | ERROR    | 数据库事务已回滚: (pyodbc.OperationalError) ('08001', '[08001] [Microsoft][ODBC Driver 18 for SQL Server]TCP 提供程序: 由于目标计算机积极拒绝，无法连接。\r\n (10061) (SQLDriverConnect); [08001] [Microsoft][ODBC Driver 18 for SQL Server]登录超时已过期 (0); [08001] [Microsoft][ODBC Driver 18 for SQL Server]与 localhost,1433 建立连接时发生了与网络相关的或特定于实例的错误。找不到或无法访问服务器。请检查实例名称是否正确以及 SQL Server 是否配置为允许远程连接。有关详细信息，请参阅 SQL Server 联机丛书。 (10061)')
(Background on this error at: https://sqlalche.me/e/20/e3q8)
2025-05-04 19:58:29.228 | INFO     | 开始处理请求: GET /
2025-05-04 19:58:29.229 | INFO     | Root endpoint called
2025-05-04 19:58:29.230 | INFO     | 请求处理完成: GET / - 耗时: 3.0ms - 状态码: 200
2025-05-04 19:58:37.898 | INFO     | 开始处理请求: GET /docs
2025-05-04 19:58:37.900 | INFO     | 请求处理完成: GET /docs - 耗时: 2.0ms - 状态码: 200
2025-05-04 19:58:37.976 | INFO     | 开始处理请求: GET /openapi.json
2025-05-04 19:58:37.979 | INFO     | 请求处理完成: GET /openapi.json - 耗时: 3.08ms - 状态码: 200
2025-05-04 19:58:56.292 | INFO     | 开始处理请求: GET /hello/feyfey
2025-05-04 19:58:56.293 | INFO     | Hello endpoint called with name: feyfey
2025-05-04 19:58:56.293 | INFO     | 请求处理完成: GET /hello/feyfey - 耗时: 1.01ms - 状态码: 200
2025-05-04 20:32:44.238 | INFO     | 开始处理请求: GET /
2025-05-04 20:32:44.240 | INFO     | Root endpoint called
2025-05-04 20:32:44.241 | INFO     | 请求处理完成: GET / - 耗时: 1.52ms - 状态码: 200
2025-05-04 20:32:57.193 | INFO     | 开始处理请求: GET /docs
2025-05-04 20:32:57.194 | INFO     | 请求处理完成: GET /docs - 耗时: 1.01ms - 状态码: 200
2025-05-04 20:32:57.385 | INFO     | 开始处理请求: GET /api/v1/openapi.json
2025-05-04 20:32:57.386 | INFO     | 请求处理完成: GET /api/v1/openapi.json - 耗时: 2.0ms - 状态码: 200
